<?xml version="1.0" encoding="UTF-8" standalone="no"?>
<testsuite errors="0" failures="39" name="io.cucumber.core.plugin.JUnitFormatter" skipped="0" tests="83" time="447.412">
    <testcase classname="Testes das APIs /Deposits | /Items | /Inventories" name="Criacao de um deposito com todos os campos preenchidos - HTTP 200 esperado" time="2.97">
        <failure message="O Response code foi diferente do esperado!, esperado: 200; recebido da API: 201; expected:&lt;20[0]&gt; but was:&lt;20[1]&gt;" type="org.junit.ComparisonFailure">
            <![CDATA[Given que seja definido o payload "postDepositsCompleto", aleatorizando os campos ja colocados "RandomNum".passed
Given que seja definido o endpoint como "endpointDeposits"..................passed
When executar uma requisicao POST pelo rest-assured com tempo maximo de "5" segundos de resposta.passed
Then espero receber um response code "200"..................................failed
And espero que o objeto do body "id" venha com a estrutura do regex "(^\d*$)".skipped
And espero que o objeto do body "name" venha com a estrutura do regex "(^.*$)".skipped
And espero que o objeto do body "address" venha com a estrutura do regex "(^.*$)".skipped
And espero que o objeto do body "city" venha com a estrutura do regex "(^.*$)".skipped
And espero que o objeto do body "zipcode" venha com a estrutura do regex "(^.*$)".skipped
And espero que o objeto do body "created_at" venha com a estrutura do regex "(^.*$)".skipped
And espero que o objeto do body "updated_at" venha com a estrutura do regex "(^.*$)".skipped
And espero que o objeto do body "url" venha com a estrutura do regex "(^.*$)".skipped

StackTrace:
org.junit.ComparisonFailure: O Response code foi diferente do esperado!, esperado: 200; recebido da API: 201; expected:<20[0]> but was:<20[1]>
	at org.junit.Assert.assertEquals(Assert.java:117)
	at api.ApiUtils.validaResponseCode(ApiUtils.java:446)
	at stepDefinitions.APIStepDefinition.esperoReceberUmResponseCode(APIStepDefinition.java:99)
	at ✽.espero receber um response code "200"(file:///C:/Users/Microsoft/Desktop/WorkspaceDesafio/AmbevDesafio/src/test/resources/features/APIsAmbev.feature:11)
]]>
        </failure>
    </testcase>
    <testcase classname="Testes das APIs /Deposits | /Items | /Inventories" name="Criacao de um inventario com todos os campos preenchidos - HTTP 200 esperado" time="3.352">
        <failure message="O Response code foi diferente do esperado!, esperado: 200; recebido da API: 201; expected:&lt;20[0]&gt; but was:&lt;20[1]&gt;" type="org.junit.ComparisonFailure">
            <![CDATA[Given que seja definido o payload "postInventoriesCompleto", aleatorizando os campos ja colocados "RandomNum".passed
Given que seja definido o endpoint como "endpointInventories"...............passed
When executar uma requisicao POST pelo rest-assured com tempo maximo de "5" segundos de resposta.passed
Then espero receber um response code "200"..................................failed
And espero que o objeto do body "id" venha com a estrutura do regex "(^\d*$)".skipped
And espero que o objeto do body "item_id" venha com a estrutura do regex "(^\d*$)".skipped
And espero que o objeto do body "deposit_id" venha com a estrutura do regex "(^\d*$)".skipped
And espero que o objeto do body "item_count" venha com a estrutura do regex "(^\d*$)".skipped
And espero que o objeto do body "created_at" venha com a estrutura do regex "(^.*$)".skipped
And espero que o objeto do body "updated_at" venha com a estrutura do regex "(^.*$)".skipped
And espero que o objeto do body "url" venha com a estrutura do regex "(^.*$)".skipped

StackTrace:
org.junit.ComparisonFailure: O Response code foi diferente do esperado!, esperado: 200; recebido da API: 201; expected:<20[0]> but was:<20[1]>
	at org.junit.Assert.assertEquals(Assert.java:117)
	at api.ApiUtils.validaResponseCode(ApiUtils.java:446)
	at stepDefinitions.APIStepDefinition.esperoReceberUmResponseCode(APIStepDefinition.java:99)
	at ✽.espero receber um response code "200"(file:///C:/Users/Microsoft/Desktop/WorkspaceDesafio/AmbevDesafio/src/test/resources/features/APIsAmbev.feature:28)
]]>
        </failure>
    </testcase>
    <testcase classname="Testes das APIs /Deposits | /Items | /Inventories" name="Criacao de um item com todos os campos preenchidos - HTTP 200 esperado" time="0.812">
        <failure message="O Response code foi diferente do esperado!, esperado: 200; recebido da API: 201; expected:&lt;20[0]&gt; but was:&lt;20[1]&gt;" type="org.junit.ComparisonFailure">
            <![CDATA[Given que seja definido o payload "postItemsCompleto", aleatorizando os campos ja colocados "RandomNum".passed
Given que seja definido o endpoint como "endpointItems".....................passed
When executar uma requisicao POST pelo rest-assured com tempo maximo de "5" segundos de resposta.passed
Then espero receber um response code "200"..................................failed
And espero que o objeto do body "id" venha com a estrutura do regex "(^\d*$)".skipped
And espero que o objeto do body "name" venha com a estrutura do regex "(^.*$)".skipped
And espero que o objeto do body "height" venha com a estrutura do regex "(^.*$)".skipped
And espero que o objeto do body "width" venha com a estrutura do regex "(^.*$)".skipped
And espero que o objeto do body "weight" venha com a estrutura do regex "(^.*$)".skipped
And espero que o objeto do body "created_at" venha com a estrutura do regex "(^.*$)".skipped
And espero que o objeto do body "updated_at" venha com a estrutura do regex "(^.*$)".skipped
And espero que o objeto do body "url" venha com a estrutura do regex "(^.*$)".skipped

StackTrace:
org.junit.ComparisonFailure: O Response code foi diferente do esperado!, esperado: 200; recebido da API: 201; expected:<20[0]> but was:<20[1]>
	at org.junit.Assert.assertEquals(Assert.java:117)
	at api.ApiUtils.validaResponseCode(ApiUtils.java:446)
	at stepDefinitions.APIStepDefinition.esperoReceberUmResponseCode(APIStepDefinition.java:99)
	at ✽.espero receber um response code "200"(file:///C:/Users/Microsoft/Desktop/WorkspaceDesafio/AmbevDesafio/src/test/resources/features/APIsAmbev.feature:44)
]]>
        </failure>
    </testcase>
    <testcase classname="Testes das APIs /Deposits | /Items | /Inventories" name="Consulta de depositos criados  - HTTP 200 esperado" time="3.253">
        <system-out>
            <![CDATA[Given que eu tenha um registro "deposito" criado............................passed
Given que seja definido o endpoint como "endpointDeposits"..................passed
When executar uma requisicao GET pelo rest-assured com tempo maximo de "5" segundos de resposta.passed
Then espero receber um response code "200"..................................passed
And espero que o objeto do body "id[0]" venha com a estrutura do regex "(^\d*$)".passed
And espero que o objeto do body "name[0]" venha com a estrutura do regex "(^.*$)".passed
And espero que o objeto do body "address[0]" venha com a estrutura do regex "(^.*$)".passed
And espero que o objeto do body "city[0]" venha com a estrutura do regex "(^.*$)".passed
And espero que o objeto do body "zipcode[0]" venha com a estrutura do regex "(^.*$)".passed
And espero que o objeto do body "created_at[0]" venha com a estrutura do regex "(^.*$)".passed
And espero que o objeto do body "updated_at[0]" venha com a estrutura do regex "(^.*$)".passed
And espero que o objeto do body "url[0]" venha com a estrutura do regex "(^.*$)".passed
]]>
        </system-out>
    </testcase>
    <testcase classname="Testes das APIs /Deposits | /Items | /Inventories" name="Consulta de depositos especifico  - HTTP 200 esperado" time="1.95">
        <system-out>
            <![CDATA[Given que eu tenha um registro "deposito" criado............................passed
Given que seja definido o endpoint como "endpointDeposits" com parametro de id valido.passed
When executar uma requisicao GET pelo rest-assured com tempo maximo de "5" segundos de resposta.passed
Then espero receber um response code "200"..................................passed
And espero que o objeto do body "id" venha com a estrutura do regex "(^\d*$)".passed
And espero que o objeto do body "name" venha com a estrutura do regex "(^.*$)".passed
And espero que o objeto do body "address" venha com a estrutura do regex "(^.*$)".passed
And espero que o objeto do body "city" venha com a estrutura do regex "(^.*$)".passed
And espero que o objeto do body "zipcode" venha com a estrutura do regex "(^.*$)".passed
And espero que o objeto do body "created_at" venha com a estrutura do regex "(^.*$)".passed
And espero que o objeto do body "updated_at" venha com a estrutura do regex "(^.*$)".passed
And espero que o objeto do body "url" venha com a estrutura do regex "(^.*$)".passed
]]>
        </system-out>
    </testcase>
    <testcase classname="Testes das APIs /Deposits | /Items | /Inventories" name="Consulta de inventarios totais  - HTTP 200 esperado" time="3.574">
        <system-out>
            <![CDATA[Given que eu tenha um registro "inventario" criado..........................passed
Given que seja definido o endpoint como "endpointInventories"...............passed
When executar uma requisicao GET pelo rest-assured com tempo maximo de "5" segundos de resposta.passed
Then espero receber um response code "200"..................................passed
And espero que o objeto do body "id[0]" venha com a estrutura do regex "(^\d*$)".passed
And espero que o objeto do body "item_id[0]" venha com a estrutura do regex "(^\d*$)".passed
And espero que o objeto do body "deposit_id[0]" venha com a estrutura do regex "(^\d*$)".passed
And espero que o objeto do body "item_count[0]" venha com a estrutura do regex "(^\d*$)".passed
And espero que o objeto do body "created_at[0]" venha com a estrutura do regex "(^.*$)".passed
And espero que o objeto do body "updated_at[0]" venha com a estrutura do regex "(^.*$)".passed
And espero que o objeto do body "url[0]" venha com a estrutura do regex "(^.*$)".passed
]]>
        </system-out>
    </testcase>
    <testcase classname="Testes das APIs /Deposits | /Items | /Inventories" name="Consulta de inventario especifico  - HTTP 200 esperado" time="3.47">
        <system-out>
            <![CDATA[Given que eu tenha um registro "inventario" criado..........................passed
Given que seja definido o endpoint como "endpointInventories" com parametro de id valido.passed
When executar uma requisicao GET pelo rest-assured com tempo maximo de "5" segundos de resposta.passed
Then espero receber um response code "200"..................................passed
And espero que o objeto do body "id" venha com a estrutura do regex "(^\d*$)".passed
And espero que o objeto do body "item_id" venha com a estrutura do regex "(^\d*$)".passed
And espero que o objeto do body "deposit_id" venha com a estrutura do regex "(^\d*$)".passed
And espero que o objeto do body "item_count" venha com a estrutura do regex "(^\d*$)".passed
And espero que o objeto do body "created_at" venha com a estrutura do regex "(^.*$)".passed
And espero que o objeto do body "updated_at" venha com a estrutura do regex "(^.*$)".passed
And espero que o objeto do body "url" venha com a estrutura do regex "(^.*$)".passed
]]>
        </system-out>
    </testcase>
    <testcase classname="Testes das APIs /Deposits | /Items | /Inventories" name="Consulta de items totais  - HTTP 200 esperado" time="2.173">
        <system-out>
            <![CDATA[Given que eu tenha um registro "items" criado...............................passed
Given que seja definido o endpoint como "endpointItems".....................passed
When executar uma requisicao GET pelo rest-assured com tempo maximo de "5" segundos de resposta.passed
Then espero receber um response code "200"..................................passed
And espero que o objeto do body "id[0]" venha com a estrutura do regex "(^\d*$)".passed
And espero que o objeto do body "name[0]" venha com a estrutura do regex "(^.*$)".passed
And espero que o objeto do body "height[0]" venha com a estrutura do regex "(^.*$)".passed
And espero que o objeto do body "width[0]" venha com a estrutura do regex "(^.*$)".passed
And espero que o objeto do body "weight[0]" venha com a estrutura do regex "(^.*$)".passed
And espero que o objeto do body "created_at[0]" venha com a estrutura do regex "(^.*$)".passed
And espero que o objeto do body "updated_at[0]" venha com a estrutura do regex "(^.*$)".passed
And espero que o objeto do body "url[0]" venha com a estrutura do regex "(^.*$)".passed
]]>
        </system-out>
    </testcase>
    <testcase classname="Testes das APIs /Deposits | /Items | /Inventories" name="Consulta de items especifico  - HTTP 200 esperado" time="1.736">
        <system-out>
            <![CDATA[Given que eu tenha um registro "items" criado...............................passed
Given que seja definido o endpoint como "endpointItems" com parametro de id valido.passed
When executar uma requisicao GET pelo rest-assured com tempo maximo de "5" segundos de resposta.passed
Then espero receber um response code "200"..................................passed
And espero que o objeto do body "id" venha com a estrutura do regex "(^\d*$)".passed
And espero que o objeto do body "name" venha com a estrutura do regex "(^.*$)".passed
And espero que o objeto do body "height" venha com a estrutura do regex "(^.*$)".passed
And espero que o objeto do body "width" venha com a estrutura do regex "(^.*$)".passed
And espero que o objeto do body "weight" venha com a estrutura do regex "(^.*$)".passed
And espero que o objeto do body "created_at" venha com a estrutura do regex "(^.*$)".passed
And espero que o objeto do body "updated_at" venha com a estrutura do regex "(^.*$)".passed
And espero que o objeto do body "url" venha com a estrutura do regex "(^.*$)".passed
]]>
        </system-out>
    </testcase>
    <testcase classname="Testes das APIs /Deposits | /Items | /Inventories" name="&quot;CT009&quot; Consulta de registro especifico que nao esteja criado - HTTP 404 esperado" time="0.801">
        <system-out>
            <![CDATA[Given que seja definido o endpoint como "endpointDeposits" com parametro de id invalido.passed
When executar uma requisicao GET pelo rest-assured com tempo maximo de "5" segundos de resposta.passed
Then espero receber um response code "404"..................................passed
And que venha um erro "Not Found" no response body..........................passed
]]>
        </system-out>
    </testcase>
    <testcase classname="Testes das APIs /Deposits | /Items | /Inventories" name="&quot;CT027&quot; Consulta de registro especifico que nao esteja criado - HTTP 404 esperado" time="0.79">
        <system-out>
            <![CDATA[Given que seja definido o endpoint como "endpointInventories" com parametro de id invalido.passed
When executar uma requisicao GET pelo rest-assured com tempo maximo de "5" segundos de resposta.passed
Then espero receber um response code "404"..................................passed
And que venha um erro "Not Found" no response body..........................passed
]]>
        </system-out>
    </testcase>
    <testcase classname="Testes das APIs /Deposits | /Items | /Inventories" name="&quot;CT045&quot; Consulta de registro especifico que nao esteja criado - HTTP 404 esperado" time="0.784">
        <system-out>
            <![CDATA[Given que seja definido o endpoint como "endpointItems" com parametro de id invalido.passed
When executar uma requisicao GET pelo rest-assured com tempo maximo de "5" segundos de resposta.passed
Then espero receber um response code "404"..................................passed
And que venha um erro "Not Found" no response body..........................passed
]]>
        </system-out>
    </testcase>
    <testcase classname="Testes das APIs /Deposits | /Items | /Inventories" name="&quot;CT010&quot; alteracao PATCH com todos os campos  - HTTP 200 esperado" time="1.703">
        <system-out>
            <![CDATA[Given que eu tenha um registro "depositos" criado...........................passed
Given que seja definido o payload "postDepositsCompleto", aleatorizando os campos ja colocados "RandomNum".passed
Given que seja definido o endpoint como "endpointDeposits" com parametro de id valido.passed
When executar uma requisicao PATCH pelo rest-assured com tempo maximo de "5" segundos de resposta.passed
Then espero receber um response code "200"..................................passed
And espero que o objeto do body "name" venha com a estrutura do regex "(^.*$)".passed
]]>
        </system-out>
    </testcase>
    <testcase classname="Testes das APIs /Deposits | /Items | /Inventories" name="&quot;CT046&quot; alteracao PATCH com todos os campos  - HTTP 200 esperado" time="1.689">
        <system-out>
            <![CDATA[Given que eu tenha um registro "items" criado...............................passed
Given que seja definido o payload "postItemsCompleto", aleatorizando os campos ja colocados "RandomNum".passed
Given que seja definido o endpoint como "endpointItems" com parametro de id valido.passed
When executar uma requisicao PATCH pelo rest-assured com tempo maximo de "5" segundos de resposta.passed
Then espero receber um response code "200"..................................passed
And espero que o objeto do body "name" venha com a estrutura do regex "(^.*$)".passed
]]>
        </system-out>
    </testcase>
    <testcase classname="Testes das APIs /Deposits | /Items | /Inventories" name="&quot;CT028&quot; alteracao PATCH com todos os campos  - HTTP 200 esperado" time="5.315">
        <system-out>
            <![CDATA[Given que eu tenha um registro "inventario" criado..........................passed
Given que seja definido o payload "postInventoriesCompleto", aleatorizando os campos ja colocados "RandomNum".passed
Given que seja definido o endpoint como "endpointInventories" com parametro de id valido.passed
When executar uma requisicao PATCH pelo rest-assured com tempo maximo de "5" segundos de resposta.passed
Then espero receber um response code "200"..................................passed
And espero que o objeto do body "id" venha com a estrutura do regex "(^\d*$)".passed
]]>
        </system-out>
    </testcase>
    <testcase classname="Testes das APIs /Deposits | /Items | /Inventories" name="&quot;CT011&quot; alteracao PATCH com todos apenas um campo  - HTTP 200 esperado" time="1.614">
        <system-out>
            <![CDATA[Given que eu tenha um registro "depositos" criado...........................passed
Given que seja definido o payload "postDepositsParcial", aleatorizando os campos ja colocados "RandomNum".passed
Given que seja definido o endpoint como "endpointDeposits" com parametro de id valido.passed
When executar uma requisicao PATCH pelo rest-assured com tempo maximo de "5" segundos de resposta.passed
Then espero receber um response code "200"..................................passed
And espero que o objeto do body "zipcode" venha com a estrutura do regex "(^.*$)".passed
]]>
        </system-out>
    </testcase>
    <testcase classname="Testes das APIs /Deposits | /Items | /Inventories" name="&quot;CT012&quot; alteracao PATCH com nenhum campo  - HTTP 200 esperado" time="1.769">
        <system-out>
            <![CDATA[Given que eu tenha um registro "depositos" criado...........................passed
Given que seja definido o payload "postDepositsSemCampos", aleatorizando os campos ja colocados "RandomNum".passed
Given que seja definido o endpoint como "endpointDeposits" com parametro de id valido.passed
When executar uma requisicao PATCH pelo rest-assured com tempo maximo de "5" segundos de resposta.passed
Then espero receber um response code "400"..................................passed
And que venha um erro "erro" no response body...............................passed
]]>
        </system-out>
    </testcase>
    <testcase classname="Testes das APIs /Deposits | /Items | /Inventories" name="&quot;CT013&quot; alteracao PUT com todos os campos  - HTTP 200 esperado" time="1.732">
        <system-out>
            <![CDATA[Given que eu tenha um registro "depositos" criado...........................passed
Given que seja definido o payload "postDepositsCompleto", aleatorizando os campos ja colocados "RandomNum".passed
Given que seja definido o endpoint como "endpointDeposits" com parametro de id valido.passed
When executar uma requisicao PUT pelo rest-assured com tempo maximo de "5" segundos de resposta.passed
Then espero receber um response code "200"..................................passed
And espero que o objeto do body "name" venha com a estrutura do regex "(^.*$)".passed
]]>
        </system-out>
    </testcase>
    <testcase classname="Testes das APIs /Deposits | /Items | /Inventories" name="&quot;CT051&quot; alteracao PUT com todos os campos  - HTTP 200 esperado" time="1.64">
        <system-out>
            <![CDATA[Given que eu tenha um registro "items" criado...............................passed
Given que seja definido o payload "postItemsCompleto", aleatorizando os campos ja colocados "RandomNum".passed
Given que seja definido o endpoint como "endpointItems" com parametro de id valido.passed
When executar uma requisicao PUT pelo rest-assured com tempo maximo de "5" segundos de resposta.passed
Then espero receber um response code "200"..................................passed
And espero que o objeto do body "name" venha com a estrutura do regex "(^.*$)".passed
]]>
        </system-out>
    </testcase>
    <testcase classname="Testes das APIs /Deposits | /Items | /Inventories" name="&quot;CT032&quot; alteracao PUT com todos os campos  - HTTP 200 esperado" time="5.052">
        <system-out>
            <![CDATA[Given que eu tenha um registro "inventario" criado..........................passed
Given que seja definido o payload "postInventoriesCompleto", aleatorizando os campos ja colocados "RandomNum".passed
Given que seja definido o endpoint como "endpointInventories" com parametro de id valido.passed
When executar uma requisicao PUT pelo rest-assured com tempo maximo de "5" segundos de resposta.passed
Then espero receber um response code "200"..................................passed
And espero que o objeto do body "id" venha com a estrutura do regex "(^\d*$)".passed
]]>
        </system-out>
    </testcase>
    <testcase classname="Testes das APIs /Deposits | /Items | /Inventories" name="&quot;CT052&quot; alteracao PUT com a falta de campos obrigatorios  - HTTP 400 esperado" time="1.646">
        <failure message="O Response code foi diferente do esperado!, esperado: 400; recebido da API: 200; expected:&lt;[4]00&gt; but was:&lt;[2]00&gt;" type="org.junit.ComparisonFailure">
            <![CDATA[Given que eu tenha um registro "items" criado...............................passed
Given que seja definido o payload "postItemsCompleto", aleatorizando os campos ja colocados "RandomNum" e retirando o campo "name".passed
Given que seja definido o endpoint como "endpointItems" com parametro de id valido.passed
When executar uma requisicao PUT pelo rest-assured com tempo maximo de "5" segundos de resposta.passed
Then espero receber um response code "400"..................................failed

StackTrace:
org.junit.ComparisonFailure: O Response code foi diferente do esperado!, esperado: 400; recebido da API: 200; expected:<[4]00> but was:<[2]00>
	at org.junit.Assert.assertEquals(Assert.java:117)
	at api.ApiUtils.validaResponseCode(ApiUtils.java:446)
	at stepDefinitions.APIStepDefinition.esperoReceberUmResponseCode(APIStepDefinition.java:99)
	at ✽.espero receber um response code "400"(file:///C:/Users/Microsoft/Desktop/WorkspaceDesafio/AmbevDesafio/src/test/resources/features/APIsAmbev.feature:227)
]]>
        </failure>
    </testcase>
    <testcase classname="Testes das APIs /Deposits | /Items | /Inventories" name="&quot;CT053&quot; alteracao PUT com a falta de campos obrigatorios  - HTTP 400 esperado" time="1.74">
        <failure message="O Response code foi diferente do esperado!, esperado: 400; recebido da API: 200; expected:&lt;[4]00&gt; but was:&lt;[2]00&gt;" type="org.junit.ComparisonFailure">
            <![CDATA[Given que eu tenha um registro "items" criado...............................passed
Given que seja definido o payload "postItemsCompleto", aleatorizando os campos ja colocados "RandomNum" e retirando o campo "height".passed
Given que seja definido o endpoint como "endpointItems" com parametro de id valido.passed
When executar uma requisicao PUT pelo rest-assured com tempo maximo de "5" segundos de resposta.passed
Then espero receber um response code "400"..................................failed

StackTrace:
org.junit.ComparisonFailure: O Response code foi diferente do esperado!, esperado: 400; recebido da API: 200; expected:<[4]00> but was:<[2]00>
	at org.junit.Assert.assertEquals(Assert.java:117)
	at api.ApiUtils.validaResponseCode(ApiUtils.java:446)
	at stepDefinitions.APIStepDefinition.esperoReceberUmResponseCode(APIStepDefinition.java:99)
	at ✽.espero receber um response code "400"(file:///C:/Users/Microsoft/Desktop/WorkspaceDesafio/AmbevDesafio/src/test/resources/features/APIsAmbev.feature:227)
]]>
        </failure>
    </testcase>
    <testcase classname="Testes das APIs /Deposits | /Items | /Inventories" name="&quot;CT053&quot; alteracao PUT com a falta de campos obrigatorios  - HTTP 400 esperado 2" time="1.595">
        <failure message="O Response code foi diferente do esperado!, esperado: 400; recebido da API: 200; expected:&lt;[4]00&gt; but was:&lt;[2]00&gt;" type="org.junit.ComparisonFailure">
            <![CDATA[Given que eu tenha um registro "items" criado...............................passed
Given que seja definido o payload "postItemsCompleto", aleatorizando os campos ja colocados "RandomNum" e retirando o campo "weight".passed
Given que seja definido o endpoint como "endpointItems" com parametro de id valido.passed
When executar uma requisicao PUT pelo rest-assured com tempo maximo de "5" segundos de resposta.passed
Then espero receber um response code "400"..................................failed

StackTrace:
org.junit.ComparisonFailure: O Response code foi diferente do esperado!, esperado: 400; recebido da API: 200; expected:<[4]00> but was:<[2]00>
	at org.junit.Assert.assertEquals(Assert.java:117)
	at api.ApiUtils.validaResponseCode(ApiUtils.java:446)
	at stepDefinitions.APIStepDefinition.esperoReceberUmResponseCode(APIStepDefinition.java:99)
	at ✽.espero receber um response code "400"(file:///C:/Users/Microsoft/Desktop/WorkspaceDesafio/AmbevDesafio/src/test/resources/features/APIsAmbev.feature:227)
]]>
        </failure>
    </testcase>
    <testcase classname="Testes das APIs /Deposits | /Items | /Inventories" name="&quot;CT053&quot; alteracao PUT com a falta de campos obrigatorios  - HTTP 400 esperado 3" time="1.572">
        <failure message="O Response code foi diferente do esperado!, esperado: 400; recebido da API: 200; expected:&lt;[4]00&gt; but was:&lt;[2]00&gt;" type="org.junit.ComparisonFailure">
            <![CDATA[Given que eu tenha um registro "items" criado...............................passed
Given que seja definido o payload "postItemsCompleto", aleatorizando os campos ja colocados "RandomNum" e retirando o campo "width".passed
Given que seja definido o endpoint como "endpointItems" com parametro de id valido.passed
When executar uma requisicao PUT pelo rest-assured com tempo maximo de "5" segundos de resposta.passed
Then espero receber um response code "400"..................................failed

StackTrace:
org.junit.ComparisonFailure: O Response code foi diferente do esperado!, esperado: 400; recebido da API: 200; expected:<[4]00> but was:<[2]00>
	at org.junit.Assert.assertEquals(Assert.java:117)
	at api.ApiUtils.validaResponseCode(ApiUtils.java:446)
	at stepDefinitions.APIStepDefinition.esperoReceberUmResponseCode(APIStepDefinition.java:99)
	at ✽.espero receber um response code "400"(file:///C:/Users/Microsoft/Desktop/WorkspaceDesafio/AmbevDesafio/src/test/resources/features/APIsAmbev.feature:227)
]]>
        </failure>
    </testcase>
    <testcase classname="Testes das APIs /Deposits | /Items | /Inventories" name="&quot;CT033&quot; alteracao PUT com a falta de campos obrigatorios  - HTTP 400 esperado" time="4.981">
        <failure message="O Response code foi diferente do esperado!, esperado: 400; recebido da API: 200; expected:&lt;[4]00&gt; but was:&lt;[2]00&gt;" type="org.junit.ComparisonFailure">
            <![CDATA[Given que eu tenha um registro "inventario" criado..........................passed
Given que seja definido o payload "postInventoriesCompleto", aleatorizando os campos ja colocados "RandomNum" e retirando o campo "item_id".passed
Given que seja definido o endpoint como "endpointInventories" com parametro de id valido.passed
When executar uma requisicao PUT pelo rest-assured com tempo maximo de "5" segundos de resposta.passed
Then espero receber um response code "400"..................................failed

StackTrace:
org.junit.ComparisonFailure: O Response code foi diferente do esperado!, esperado: 400; recebido da API: 200; expected:<[4]00> but was:<[2]00>
	at org.junit.Assert.assertEquals(Assert.java:117)
	at api.ApiUtils.validaResponseCode(ApiUtils.java:446)
	at stepDefinitions.APIStepDefinition.esperoReceberUmResponseCode(APIStepDefinition.java:99)
	at ✽.espero receber um response code "400"(file:///C:/Users/Microsoft/Desktop/WorkspaceDesafio/AmbevDesafio/src/test/resources/features/APIsAmbev.feature:227)
]]>
        </failure>
    </testcase>
    <testcase classname="Testes das APIs /Deposits | /Items | /Inventories" name="&quot;CT034&quot; alteracao PUT com a falta de campos obrigatorios  - HTTP 400 esperado" time="5.397">
        <failure message="O Response code foi diferente do esperado!, esperado: 400; recebido da API: 200; expected:&lt;[4]00&gt; but was:&lt;[2]00&gt;" type="org.junit.ComparisonFailure">
            <![CDATA[Given que eu tenha um registro "inventario" criado..........................passed
Given que seja definido o payload "postInventoriesCompleto", aleatorizando os campos ja colocados "RandomNum" e retirando o campo "deposit_id".passed
Given que seja definido o endpoint como "endpointInventories" com parametro de id valido.passed
When executar uma requisicao PUT pelo rest-assured com tempo maximo de "5" segundos de resposta.passed
Then espero receber um response code "400"..................................failed

StackTrace:
org.junit.ComparisonFailure: O Response code foi diferente do esperado!, esperado: 400; recebido da API: 200; expected:<[4]00> but was:<[2]00>
	at org.junit.Assert.assertEquals(Assert.java:117)
	at api.ApiUtils.validaResponseCode(ApiUtils.java:446)
	at stepDefinitions.APIStepDefinition.esperoReceberUmResponseCode(APIStepDefinition.java:99)
	at ✽.espero receber um response code "400"(file:///C:/Users/Microsoft/Desktop/WorkspaceDesafio/AmbevDesafio/src/test/resources/features/APIsAmbev.feature:227)
]]>
        </failure>
    </testcase>
    <testcase classname="Testes das APIs /Deposits | /Items | /Inventories" name="&quot;CT035&quot; alteracao PUT com a falta de campos obrigatorios  - HTTP 400 esperado" time="4.866">
        <failure message="O Response code foi diferente do esperado!, esperado: 400; recebido da API: 200; expected:&lt;[4]00&gt; but was:&lt;[2]00&gt;" type="org.junit.ComparisonFailure">
            <![CDATA[Given que eu tenha um registro "inventario" criado..........................passed
Given que seja definido o payload "postInventoriesCompleto", aleatorizando os campos ja colocados "RandomNum" e retirando o campo "item_count".passed
Given que seja definido o endpoint como "endpointInventories" com parametro de id valido.passed
When executar uma requisicao PUT pelo rest-assured com tempo maximo de "5" segundos de resposta.passed
Then espero receber um response code "400"..................................failed

StackTrace:
org.junit.ComparisonFailure: O Response code foi diferente do esperado!, esperado: 400; recebido da API: 200; expected:<[4]00> but was:<[2]00>
	at org.junit.Assert.assertEquals(Assert.java:117)
	at api.ApiUtils.validaResponseCode(ApiUtils.java:446)
	at stepDefinitions.APIStepDefinition.esperoReceberUmResponseCode(APIStepDefinition.java:99)
	at ✽.espero receber um response code "400"(file:///C:/Users/Microsoft/Desktop/WorkspaceDesafio/AmbevDesafio/src/test/resources/features/APIsAmbev.feature:227)
]]>
        </failure>
    </testcase>
    <testcase classname="Testes das APIs /Deposits | /Items | /Inventories" name="&quot;CT047&quot; alteracao PUT com a falta de campos obrigatorios  - HTTP 400 esperado" time="1.64">
        <failure message="O Response code foi diferente do esperado!, esperado: 400; recebido da API: 200; expected:&lt;[4]00&gt; but was:&lt;[2]00&gt;" type="org.junit.ComparisonFailure">
            <![CDATA[Given que eu tenha um registro "items" criado...............................passed
Given que seja definido o payload "postItemsCompleto", aleatorizando os campos ja colocados "RandomNum" e retirando o campo "name".passed
Given que seja definido o endpoint como "endpointItems" com parametro de id valido.passed
When executar uma requisicao PATCH pelo rest-assured com tempo maximo de "5" segundos de resposta.passed
Then espero receber um response code "400"..................................failed

StackTrace:
org.junit.ComparisonFailure: O Response code foi diferente do esperado!, esperado: 400; recebido da API: 200; expected:<[4]00> but was:<[2]00>
	at org.junit.Assert.assertEquals(Assert.java:117)
	at api.ApiUtils.validaResponseCode(ApiUtils.java:446)
	at stepDefinitions.APIStepDefinition.esperoReceberUmResponseCode(APIStepDefinition.java:99)
	at ✽.espero receber um response code "400"(file:///C:/Users/Microsoft/Desktop/WorkspaceDesafio/AmbevDesafio/src/test/resources/features/APIsAmbev.feature:245)
]]>
        </failure>
    </testcase>
    <testcase classname="Testes das APIs /Deposits | /Items | /Inventories" name="&quot;CT048&quot; alteracao PUT com a falta de campos obrigatorios  - HTTP 400 esperado" time="1.641">
        <failure message="O Response code foi diferente do esperado!, esperado: 400; recebido da API: 200; expected:&lt;[4]00&gt; but was:&lt;[2]00&gt;" type="org.junit.ComparisonFailure">
            <![CDATA[Given que eu tenha um registro "items" criado...............................passed
Given que seja definido o payload "postItemsCompleto", aleatorizando os campos ja colocados "RandomNum" e retirando o campo "height".passed
Given que seja definido o endpoint como "endpointItems" com parametro de id valido.passed
When executar uma requisicao PATCH pelo rest-assured com tempo maximo de "5" segundos de resposta.passed
Then espero receber um response code "400"..................................failed

StackTrace:
org.junit.ComparisonFailure: O Response code foi diferente do esperado!, esperado: 400; recebido da API: 200; expected:<[4]00> but was:<[2]00>
	at org.junit.Assert.assertEquals(Assert.java:117)
	at api.ApiUtils.validaResponseCode(ApiUtils.java:446)
	at stepDefinitions.APIStepDefinition.esperoReceberUmResponseCode(APIStepDefinition.java:99)
	at ✽.espero receber um response code "400"(file:///C:/Users/Microsoft/Desktop/WorkspaceDesafio/AmbevDesafio/src/test/resources/features/APIsAmbev.feature:245)
]]>
        </failure>
    </testcase>
    <testcase classname="Testes das APIs /Deposits | /Items | /Inventories" name="&quot;CT049&quot; alteracao PUT com a falta de campos obrigatorios  - HTTP 400 esperado" time="1.636">
        <failure message="O Response code foi diferente do esperado!, esperado: 400; recebido da API: 200; expected:&lt;[4]00&gt; but was:&lt;[2]00&gt;" type="org.junit.ComparisonFailure">
            <![CDATA[Given que eu tenha um registro "items" criado...............................passed
Given que seja definido o payload "postItemsCompleto", aleatorizando os campos ja colocados "RandomNum" e retirando o campo "weight".passed
Given que seja definido o endpoint como "endpointItems" com parametro de id valido.passed
When executar uma requisicao PATCH pelo rest-assured com tempo maximo de "5" segundos de resposta.passed
Then espero receber um response code "400"..................................failed

StackTrace:
org.junit.ComparisonFailure: O Response code foi diferente do esperado!, esperado: 400; recebido da API: 200; expected:<[4]00> but was:<[2]00>
	at org.junit.Assert.assertEquals(Assert.java:117)
	at api.ApiUtils.validaResponseCode(ApiUtils.java:446)
	at stepDefinitions.APIStepDefinition.esperoReceberUmResponseCode(APIStepDefinition.java:99)
	at ✽.espero receber um response code "400"(file:///C:/Users/Microsoft/Desktop/WorkspaceDesafio/AmbevDesafio/src/test/resources/features/APIsAmbev.feature:245)
]]>
        </failure>
    </testcase>
    <testcase classname="Testes das APIs /Deposits | /Items | /Inventories" name="&quot;CT050&quot; alteracao PUT com a falta de campos obrigatorios  - HTTP 400 esperado" time="1.75">
        <failure message="O Response code foi diferente do esperado!, esperado: 400; recebido da API: 200; expected:&lt;[4]00&gt; but was:&lt;[2]00&gt;" type="org.junit.ComparisonFailure">
            <![CDATA[Given que eu tenha um registro "items" criado...............................passed
Given que seja definido o payload "postItemsCompleto", aleatorizando os campos ja colocados "RandomNum" e retirando o campo "width".passed
Given que seja definido o endpoint como "endpointItems" com parametro de id valido.passed
When executar uma requisicao PATCH pelo rest-assured com tempo maximo de "5" segundos de resposta.passed
Then espero receber um response code "400"..................................failed

StackTrace:
org.junit.ComparisonFailure: O Response code foi diferente do esperado!, esperado: 400; recebido da API: 200; expected:<[4]00> but was:<[2]00>
	at org.junit.Assert.assertEquals(Assert.java:117)
	at api.ApiUtils.validaResponseCode(ApiUtils.java:446)
	at stepDefinitions.APIStepDefinition.esperoReceberUmResponseCode(APIStepDefinition.java:99)
	at ✽.espero receber um response code "400"(file:///C:/Users/Microsoft/Desktop/WorkspaceDesafio/AmbevDesafio/src/test/resources/features/APIsAmbev.feature:245)
]]>
        </failure>
    </testcase>
    <testcase classname="Testes das APIs /Deposits | /Items | /Inventories" name="&quot;CT029&quot; alteracao PUT com a falta de campos obrigatorios  - HTTP 400 esperado" time="4.968">
        <failure message="O Response code foi diferente do esperado!, esperado: 400; recebido da API: 200; expected:&lt;[4]00&gt; but was:&lt;[2]00&gt;" type="org.junit.ComparisonFailure">
            <![CDATA[Given que eu tenha um registro "inventario" criado..........................passed
Given que seja definido o payload "postInventoriesCompleto", aleatorizando os campos ja colocados "RandomNum" e retirando o campo "item_id".passed
Given que seja definido o endpoint como "endpointInventories" com parametro de id valido.passed
When executar uma requisicao PATCH pelo rest-assured com tempo maximo de "5" segundos de resposta.passed
Then espero receber um response code "400"..................................failed

StackTrace:
org.junit.ComparisonFailure: O Response code foi diferente do esperado!, esperado: 400; recebido da API: 200; expected:<[4]00> but was:<[2]00>
	at org.junit.Assert.assertEquals(Assert.java:117)
	at api.ApiUtils.validaResponseCode(ApiUtils.java:446)
	at stepDefinitions.APIStepDefinition.esperoReceberUmResponseCode(APIStepDefinition.java:99)
	at ✽.espero receber um response code "400"(file:///C:/Users/Microsoft/Desktop/WorkspaceDesafio/AmbevDesafio/src/test/resources/features/APIsAmbev.feature:245)
]]>
        </failure>
    </testcase>
    <testcase classname="Testes das APIs /Deposits | /Items | /Inventories" name="&quot;CT030&quot; alteracao PUT com a falta de campos obrigatorios  - HTTP 400 esperado" time="4.934">
        <failure message="O Response code foi diferente do esperado!, esperado: 400; recebido da API: 200; expected:&lt;[4]00&gt; but was:&lt;[2]00&gt;" type="org.junit.ComparisonFailure">
            <![CDATA[Given que eu tenha um registro "inventario" criado..........................passed
Given que seja definido o payload "postInventoriesCompleto", aleatorizando os campos ja colocados "RandomNum" e retirando o campo "deposit_id".passed
Given que seja definido o endpoint como "endpointInventories" com parametro de id valido.passed
When executar uma requisicao PATCH pelo rest-assured com tempo maximo de "5" segundos de resposta.passed
Then espero receber um response code "400"..................................failed

StackTrace:
org.junit.ComparisonFailure: O Response code foi diferente do esperado!, esperado: 400; recebido da API: 200; expected:<[4]00> but was:<[2]00>
	at org.junit.Assert.assertEquals(Assert.java:117)
	at api.ApiUtils.validaResponseCode(ApiUtils.java:446)
	at stepDefinitions.APIStepDefinition.esperoReceberUmResponseCode(APIStepDefinition.java:99)
	at ✽.espero receber um response code "400"(file:///C:/Users/Microsoft/Desktop/WorkspaceDesafio/AmbevDesafio/src/test/resources/features/APIsAmbev.feature:245)
]]>
        </failure>
    </testcase>
    <testcase classname="Testes das APIs /Deposits | /Items | /Inventories" name="&quot;CT031&quot; alteracao PUT com a falta de campos obrigatorios  - HTTP 400 esperado" time="5.159">
        <failure message="O Response code foi diferente do esperado!, esperado: 400; recebido da API: 200; expected:&lt;[4]00&gt; but was:&lt;[2]00&gt;" type="org.junit.ComparisonFailure">
            <![CDATA[Given que eu tenha um registro "inventario" criado..........................passed
Given que seja definido o payload "postInventoriesCompleto", aleatorizando os campos ja colocados "RandomNum" e retirando o campo "item_count".passed
Given que seja definido o endpoint como "endpointInventories" com parametro de id valido.passed
When executar uma requisicao PATCH pelo rest-assured com tempo maximo de "5" segundos de resposta.passed
Then espero receber um response code "400"..................................failed

StackTrace:
org.junit.ComparisonFailure: O Response code foi diferente do esperado!, esperado: 400; recebido da API: 200; expected:<[4]00> but was:<[2]00>
	at org.junit.Assert.assertEquals(Assert.java:117)
	at api.ApiUtils.validaResponseCode(ApiUtils.java:446)
	at stepDefinitions.APIStepDefinition.esperoReceberUmResponseCode(APIStepDefinition.java:99)
	at ✽.espero receber um response code "400"(file:///C:/Users/Microsoft/Desktop/WorkspaceDesafio/AmbevDesafio/src/test/resources/features/APIsAmbev.feature:245)
]]>
        </failure>
    </testcase>
    <testcase classname="Testes das APIs /Deposits | /Items | /Inventories" name="&quot;CT014&quot; alteracao PUT com todos apenas um campo  - HTTP 200 esperado" time="1.601">
        <system-out>
            <![CDATA[Given que eu tenha um registro "depositos" criado...........................passed
Given que seja definido o payload "postDepositsParcial", aleatorizando os campos ja colocados "RandomNum".passed
Given que seja definido o endpoint como "endpointDeposits" com parametro de id valido.passed
When executar uma requisicao PUT pelo rest-assured com tempo maximo de "5" segundos de resposta.passed
Then espero receber um response code "200"..................................passed
And espero que o objeto do body "zipcode" venha com a estrutura do regex "(^.*$)".passed
]]>
        </system-out>
    </testcase>
    <testcase classname="Testes das APIs /Deposits | /Items | /Inventories" name="&quot;CT015&quot; alteracao PUT com nenhum campo  - HTTP 200 esperado" time="1.754">
        <system-out>
            <![CDATA[Given que eu tenha um registro "depositos" criado...........................passed
Given que seja definido o payload "postDepositsSemCampos", aleatorizando os campos ja colocados "RandomNum".passed
Given que seja definido o endpoint como "endpointDeposits" com parametro de id valido.passed
When executar uma requisicao PUT pelo rest-assured com tempo maximo de "5" segundos de resposta.passed
Then espero receber um response code "400"..................................passed
And que venha um erro "erro" no response body...............................passed
]]>
        </system-out>
    </testcase>
    <testcase classname="Testes das APIs /Deposits | /Items | /Inventories" name="&quot;CT002&quot; Retirada de campos obrigatorios do payload" time="0.811">
        <failure message="O Response code foi diferente do esperado!, esperado: 400; recebido da API: 201; expected:&lt;[400]&gt; but was:&lt;[201]&gt;" type="org.junit.ComparisonFailure">
            <![CDATA[Given que seja definido o payload "postDepositsCompleto", aleatorizando os campos ja colocados "RandomNum" e retirando o campo "name".passed
Given que seja definido o endpoint como "endpointDeposits"..................passed
When executar uma requisicao POST pelo rest-assured com tempo maximo de "5" segundos de resposta.passed
Then espero receber um response code "400"..................................failed
And que venha um erro "erro" no response body...............................skipped

StackTrace:
org.junit.ComparisonFailure: O Response code foi diferente do esperado!, esperado: 400; recebido da API: 201; expected:<[400]> but was:<[201]>
	at org.junit.Assert.assertEquals(Assert.java:117)
	at api.ApiUtils.validaResponseCode(ApiUtils.java:446)
	at stepDefinitions.APIStepDefinition.esperoReceberUmResponseCode(APIStepDefinition.java:99)
	at ✽.espero receber um response code "400"(file:///C:/Users/Microsoft/Desktop/WorkspaceDesafio/AmbevDesafio/src/test/resources/features/APIsAmbev.feature:290)
]]>
        </failure>
    </testcase>
    <testcase classname="Testes das APIs /Deposits | /Items | /Inventories" name="&quot;CT003&quot; Retirada de campos obrigatorios do payload" time="0.863">
        <failure message="O Response code foi diferente do esperado!, esperado: 400; recebido da API: 201; expected:&lt;[400]&gt; but was:&lt;[201]&gt;" type="org.junit.ComparisonFailure">
            <![CDATA[Given que seja definido o payload "postDepositsCompleto", aleatorizando os campos ja colocados "RandomNum" e retirando o campo "address".passed
Given que seja definido o endpoint como "endpointDeposits"..................passed
When executar uma requisicao POST pelo rest-assured com tempo maximo de "5" segundos de resposta.passed
Then espero receber um response code "400"..................................failed
And que venha um erro "erro" no response body...............................skipped

StackTrace:
org.junit.ComparisonFailure: O Response code foi diferente do esperado!, esperado: 400; recebido da API: 201; expected:<[400]> but was:<[201]>
	at org.junit.Assert.assertEquals(Assert.java:117)
	at api.ApiUtils.validaResponseCode(ApiUtils.java:446)
	at stepDefinitions.APIStepDefinition.esperoReceberUmResponseCode(APIStepDefinition.java:99)
	at ✽.espero receber um response code "400"(file:///C:/Users/Microsoft/Desktop/WorkspaceDesafio/AmbevDesafio/src/test/resources/features/APIsAmbev.feature:290)
]]>
        </failure>
    </testcase>
    <testcase classname="Testes das APIs /Deposits | /Items | /Inventories" name="&quot;CT004&quot; Retirada de campos obrigatorios do payload" time="0.865">
        <failure message="O Response code foi diferente do esperado!, esperado: 400; recebido da API: 201; expected:&lt;[400]&gt; but was:&lt;[201]&gt;" type="org.junit.ComparisonFailure">
            <![CDATA[Given que seja definido o payload "postDepositsCompleto", aleatorizando os campos ja colocados "RandomNum" e retirando o campo "city".passed
Given que seja definido o endpoint como "endpointDeposits"..................passed
When executar uma requisicao POST pelo rest-assured com tempo maximo de "5" segundos de resposta.passed
Then espero receber um response code "400"..................................failed
And que venha um erro "erro" no response body...............................skipped

StackTrace:
org.junit.ComparisonFailure: O Response code foi diferente do esperado!, esperado: 400; recebido da API: 201; expected:<[400]> but was:<[201]>
	at org.junit.Assert.assertEquals(Assert.java:117)
	at api.ApiUtils.validaResponseCode(ApiUtils.java:446)
	at stepDefinitions.APIStepDefinition.esperoReceberUmResponseCode(APIStepDefinition.java:99)
	at ✽.espero receber um response code "400"(file:///C:/Users/Microsoft/Desktop/WorkspaceDesafio/AmbevDesafio/src/test/resources/features/APIsAmbev.feature:290)
]]>
        </failure>
    </testcase>
    <testcase classname="Testes das APIs /Deposits | /Items | /Inventories" name="&quot;CT005&quot; Retirada de campos obrigatorios do payload" time="0.789">
        <failure message="O Response code foi diferente do esperado!, esperado: 400; recebido da API: 201; expected:&lt;[400]&gt; but was:&lt;[201]&gt;" type="org.junit.ComparisonFailure">
            <![CDATA[Given que seja definido o payload "postDepositsCompleto", aleatorizando os campos ja colocados "RandomNum" e retirando o campo "state".passed
Given que seja definido o endpoint como "endpointDeposits"..................passed
When executar uma requisicao POST pelo rest-assured com tempo maximo de "5" segundos de resposta.passed
Then espero receber um response code "400"..................................failed
And que venha um erro "erro" no response body...............................skipped

StackTrace:
org.junit.ComparisonFailure: O Response code foi diferente do esperado!, esperado: 400; recebido da API: 201; expected:<[400]> but was:<[201]>
	at org.junit.Assert.assertEquals(Assert.java:117)
	at api.ApiUtils.validaResponseCode(ApiUtils.java:446)
	at stepDefinitions.APIStepDefinition.esperoReceberUmResponseCode(APIStepDefinition.java:99)
	at ✽.espero receber um response code "400"(file:///C:/Users/Microsoft/Desktop/WorkspaceDesafio/AmbevDesafio/src/test/resources/features/APIsAmbev.feature:290)
]]>
        </failure>
    </testcase>
    <testcase classname="Testes das APIs /Deposits | /Items | /Inventories" name="&quot;CT006&quot; Retirada de campos obrigatorios do payload" time="0.784">
        <failure message="O Response code foi diferente do esperado!, esperado: 400; recebido da API: 201; expected:&lt;[400]&gt; but was:&lt;[201]&gt;" type="org.junit.ComparisonFailure">
            <![CDATA[Given que seja definido o payload "postDepositsCompleto", aleatorizando os campos ja colocados "RandomNum" e retirando o campo "zipcode".passed
Given que seja definido o endpoint como "endpointDeposits"..................passed
When executar uma requisicao POST pelo rest-assured com tempo maximo de "5" segundos de resposta.passed
Then espero receber um response code "400"..................................failed
And que venha um erro "erro" no response body...............................skipped

StackTrace:
org.junit.ComparisonFailure: O Response code foi diferente do esperado!, esperado: 400; recebido da API: 201; expected:<[400]> but was:<[201]>
	at org.junit.Assert.assertEquals(Assert.java:117)
	at api.ApiUtils.validaResponseCode(ApiUtils.java:446)
	at stepDefinitions.APIStepDefinition.esperoReceberUmResponseCode(APIStepDefinition.java:99)
	at ✽.espero receber um response code "400"(file:///C:/Users/Microsoft/Desktop/WorkspaceDesafio/AmbevDesafio/src/test/resources/features/APIsAmbev.feature:290)
]]>
        </failure>
    </testcase>
    <testcase classname="Testes das APIs /Deposits | /Items | /Inventories" name="&quot;CT039&quot; Retirada de campos obrigatorios do payload" time="0.848">
        <failure message="O Response code foi diferente do esperado!, esperado: 400; recebido da API: 201; expected:&lt;[400]&gt; but was:&lt;[201]&gt;" type="org.junit.ComparisonFailure">
            <![CDATA[Given que seja definido o payload "postItemsCompleto", aleatorizando os campos ja colocados "RandomNum" e retirando o campo "name".passed
Given que seja definido o endpoint como "endpointItems".....................passed
When executar uma requisicao POST pelo rest-assured com tempo maximo de "5" segundos de resposta.passed
Then espero receber um response code "400"..................................failed
And que venha um erro "erro" no response body...............................skipped

StackTrace:
org.junit.ComparisonFailure: O Response code foi diferente do esperado!, esperado: 400; recebido da API: 201; expected:<[400]> but was:<[201]>
	at org.junit.Assert.assertEquals(Assert.java:117)
	at api.ApiUtils.validaResponseCode(ApiUtils.java:446)
	at stepDefinitions.APIStepDefinition.esperoReceberUmResponseCode(APIStepDefinition.java:99)
	at ✽.espero receber um response code "400"(file:///C:/Users/Microsoft/Desktop/WorkspaceDesafio/AmbevDesafio/src/test/resources/features/APIsAmbev.feature:290)
]]>
        </failure>
    </testcase>
    <testcase classname="Testes das APIs /Deposits | /Items | /Inventories" name="&quot;CT040&quot; Retirada de campos obrigatorios do payload" time="0.785">
        <failure message="O Response code foi diferente do esperado!, esperado: 400; recebido da API: 201; expected:&lt;[400]&gt; but was:&lt;[201]&gt;" type="org.junit.ComparisonFailure">
            <![CDATA[Given que seja definido o payload "postItemsCompleto", aleatorizando os campos ja colocados "RandomNum" e retirando o campo "height".passed
Given que seja definido o endpoint como "endpointItems".....................passed
When executar uma requisicao POST pelo rest-assured com tempo maximo de "5" segundos de resposta.passed
Then espero receber um response code "400"..................................failed
And que venha um erro "erro" no response body...............................skipped

StackTrace:
org.junit.ComparisonFailure: O Response code foi diferente do esperado!, esperado: 400; recebido da API: 201; expected:<[400]> but was:<[201]>
	at org.junit.Assert.assertEquals(Assert.java:117)
	at api.ApiUtils.validaResponseCode(ApiUtils.java:446)
	at stepDefinitions.APIStepDefinition.esperoReceberUmResponseCode(APIStepDefinition.java:99)
	at ✽.espero receber um response code "400"(file:///C:/Users/Microsoft/Desktop/WorkspaceDesafio/AmbevDesafio/src/test/resources/features/APIsAmbev.feature:290)
]]>
        </failure>
    </testcase>
    <testcase classname="Testes das APIs /Deposits | /Items | /Inventories" name="&quot;CT041&quot; Retirada de campos obrigatorios do payload" time="0.801">
        <failure message="O Response code foi diferente do esperado!, esperado: 400; recebido da API: 201; expected:&lt;[400]&gt; but was:&lt;[201]&gt;" type="org.junit.ComparisonFailure">
            <![CDATA[Given que seja definido o payload "postItemsCompleto", aleatorizando os campos ja colocados "RandomNum" e retirando o campo "width".passed
Given que seja definido o endpoint como "endpointItems".....................passed
When executar uma requisicao POST pelo rest-assured com tempo maximo de "5" segundos de resposta.passed
Then espero receber um response code "400"..................................failed
And que venha um erro "erro" no response body...............................skipped

StackTrace:
org.junit.ComparisonFailure: O Response code foi diferente do esperado!, esperado: 400; recebido da API: 201; expected:<[400]> but was:<[201]>
	at org.junit.Assert.assertEquals(Assert.java:117)
	at api.ApiUtils.validaResponseCode(ApiUtils.java:446)
	at stepDefinitions.APIStepDefinition.esperoReceberUmResponseCode(APIStepDefinition.java:99)
	at ✽.espero receber um response code "400"(file:///C:/Users/Microsoft/Desktop/WorkspaceDesafio/AmbevDesafio/src/test/resources/features/APIsAmbev.feature:290)
]]>
        </failure>
    </testcase>
    <testcase classname="Testes das APIs /Deposits | /Items | /Inventories" name="&quot;CT042&quot; Retirada de campos obrigatorios do payload" time="0.861">
        <failure message="O Response code foi diferente do esperado!, esperado: 400; recebido da API: 201; expected:&lt;[400]&gt; but was:&lt;[201]&gt;" type="org.junit.ComparisonFailure">
            <![CDATA[Given que seja definido o payload "postItemsCompleto", aleatorizando os campos ja colocados "RandomNum" e retirando o campo "weight".passed
Given que seja definido o endpoint como "endpointItems".....................passed
When executar uma requisicao POST pelo rest-assured com tempo maximo de "5" segundos de resposta.passed
Then espero receber um response code "400"..................................failed
And que venha um erro "erro" no response body...............................skipped

StackTrace:
org.junit.ComparisonFailure: O Response code foi diferente do esperado!, esperado: 400; recebido da API: 201; expected:<[400]> but was:<[201]>
	at org.junit.Assert.assertEquals(Assert.java:117)
	at api.ApiUtils.validaResponseCode(ApiUtils.java:446)
	at stepDefinitions.APIStepDefinition.esperoReceberUmResponseCode(APIStepDefinition.java:99)
	at ✽.espero receber um response code "400"(file:///C:/Users/Microsoft/Desktop/WorkspaceDesafio/AmbevDesafio/src/test/resources/features/APIsAmbev.feature:290)
]]>
        </failure>
    </testcase>
    <testcase classname="Testes das APIs /Deposits | /Items | /Inventories" name="&quot;CT019&quot; Retirada de campos obrigatorios do payload" time="2.513">
        <failure message="O Response code foi diferente do esperado!, esperado: 400; recebido da API: 422; expected:&lt;4[00]&gt; but was:&lt;4[22]&gt;" type="org.junit.ComparisonFailure">
            <![CDATA[Given que seja definido o payload "postInventoriesCompleto", aleatorizando os campos ja colocados "RandomNum" e retirando o campo "item_id".passed
Given que seja definido o endpoint como "endpointInventories"...............passed
When executar uma requisicao POST pelo rest-assured com tempo maximo de "5" segundos de resposta.passed
Then espero receber um response code "400"..................................failed
And que venha um erro "erro" no response body...............................skipped

StackTrace:
org.junit.ComparisonFailure: O Response code foi diferente do esperado!, esperado: 400; recebido da API: 422; expected:<4[00]> but was:<4[22]>
	at org.junit.Assert.assertEquals(Assert.java:117)
	at api.ApiUtils.validaResponseCode(ApiUtils.java:446)
	at stepDefinitions.APIStepDefinition.esperoReceberUmResponseCode(APIStepDefinition.java:99)
	at ✽.espero receber um response code "400"(file:///C:/Users/Microsoft/Desktop/WorkspaceDesafio/AmbevDesafio/src/test/resources/features/APIsAmbev.feature:290)
]]>
        </failure>
    </testcase>
    <testcase classname="Testes das APIs /Deposits | /Items | /Inventories" name="&quot;CT020&quot; Retirada de campos obrigatorios do payload" time="2.473">
        <failure message="O Response code foi diferente do esperado!, esperado: 400; recebido da API: 422; expected:&lt;4[00]&gt; but was:&lt;4[22]&gt;" type="org.junit.ComparisonFailure">
            <![CDATA[Given que seja definido o payload "postInventoriesCompleto", aleatorizando os campos ja colocados "RandomNum" e retirando o campo "deposit_id".passed
Given que seja definido o endpoint como "endpointInventories"...............passed
When executar uma requisicao POST pelo rest-assured com tempo maximo de "5" segundos de resposta.passed
Then espero receber um response code "400"..................................failed
And que venha um erro "erro" no response body...............................skipped

StackTrace:
org.junit.ComparisonFailure: O Response code foi diferente do esperado!, esperado: 400; recebido da API: 422; expected:<4[00]> but was:<4[22]>
	at org.junit.Assert.assertEquals(Assert.java:117)
	at api.ApiUtils.validaResponseCode(ApiUtils.java:446)
	at stepDefinitions.APIStepDefinition.esperoReceberUmResponseCode(APIStepDefinition.java:99)
	at ✽.espero receber um response code "400"(file:///C:/Users/Microsoft/Desktop/WorkspaceDesafio/AmbevDesafio/src/test/resources/features/APIsAmbev.feature:290)
]]>
        </failure>
    </testcase>
    <testcase classname="Testes das APIs /Deposits | /Items | /Inventories" name="&quot;CT021&quot; Retirada de campos obrigatorios do payload" time="2.446">
        <failure message="O Response code foi diferente do esperado!, esperado: 400; recebido da API: 201; expected:&lt;[400]&gt; but was:&lt;[201]&gt;" type="org.junit.ComparisonFailure">
            <![CDATA[Given que seja definido o payload "postInventoriesCompleto", aleatorizando os campos ja colocados "RandomNum" e retirando o campo "item_count".passed
Given que seja definido o endpoint como "endpointInventories"...............passed
When executar uma requisicao POST pelo rest-assured com tempo maximo de "5" segundos de resposta.passed
Then espero receber um response code "400"..................................failed
And que venha um erro "erro" no response body...............................skipped

StackTrace:
org.junit.ComparisonFailure: O Response code foi diferente do esperado!, esperado: 400; recebido da API: 201; expected:<[400]> but was:<[201]>
	at org.junit.Assert.assertEquals(Assert.java:117)
	at api.ApiUtils.validaResponseCode(ApiUtils.java:446)
	at stepDefinitions.APIStepDefinition.esperoReceberUmResponseCode(APIStepDefinition.java:99)
	at ✽.espero receber um response code "400"(file:///C:/Users/Microsoft/Desktop/WorkspaceDesafio/AmbevDesafio/src/test/resources/features/APIsAmbev.feature:290)
]]>
        </failure>
    </testcase>
    <testcase classname="Testes das APIs /Deposits | /Items | /Inventories" name="&quot;CT022&quot; Criacao de registros com tipagem incorreta de campos" time="0.798">
        <failure message="O Response code foi diferente do esperado!, esperado: 400; recebido da API: 422; expected:&lt;4[00]&gt; but was:&lt;4[22]&gt;" type="org.junit.ComparisonFailure">
            <![CDATA[Given que seja definido o payload "postInventoriesCompleto", modificando o campo "item_id" para o valor "teste".passed
Given que seja definido o endpoint como "endpointInventories"...............passed
When executar uma requisicao POST pelo rest-assured com tempo maximo de "5" segundos de resposta.passed
Then espero receber um response code "400"..................................failed
And que venha um erro "erro" no response body...............................skipped

StackTrace:
org.junit.ComparisonFailure: O Response code foi diferente do esperado!, esperado: 400; recebido da API: 422; expected:<4[00]> but was:<4[22]>
	at org.junit.Assert.assertEquals(Assert.java:117)
	at api.ApiUtils.validaResponseCode(ApiUtils.java:446)
	at stepDefinitions.APIStepDefinition.esperoReceberUmResponseCode(APIStepDefinition.java:99)
	at ✽.espero receber um response code "400"(file:///C:/Users/Microsoft/Desktop/WorkspaceDesafio/AmbevDesafio/src/test/resources/features/APIsAmbev.feature:313)
]]>
        </failure>
    </testcase>
    <testcase classname="Testes das APIs /Deposits | /Items | /Inventories" name="&quot;CT023&quot; Criacao de registros com tipagem incorreta de campos" time="0.823">
        <failure message="O Response code foi diferente do esperado!, esperado: 400; recebido da API: 422; expected:&lt;4[00]&gt; but was:&lt;4[22]&gt;" type="org.junit.ComparisonFailure">
            <![CDATA[Given que seja definido o payload "postInventoriesCompleto", modificando o campo "deposit_id" para o valor "teste".passed
Given que seja definido o endpoint como "endpointInventories"...............passed
When executar uma requisicao POST pelo rest-assured com tempo maximo de "5" segundos de resposta.passed
Then espero receber um response code "400"..................................failed
And que venha um erro "erro" no response body...............................skipped

StackTrace:
org.junit.ComparisonFailure: O Response code foi diferente do esperado!, esperado: 400; recebido da API: 422; expected:<4[00]> but was:<4[22]>
	at org.junit.Assert.assertEquals(Assert.java:117)
	at api.ApiUtils.validaResponseCode(ApiUtils.java:446)
	at stepDefinitions.APIStepDefinition.esperoReceberUmResponseCode(APIStepDefinition.java:99)
	at ✽.espero receber um response code "400"(file:///C:/Users/Microsoft/Desktop/WorkspaceDesafio/AmbevDesafio/src/test/resources/features/APIsAmbev.feature:313)
]]>
        </failure>
    </testcase>
    <testcase classname="Testes das APIs /Deposits | /Items | /Inventories" name="&quot;CT024&quot; Criacao de registros com tipagem incorreta de campos" time="0.844">
        <failure message="O Response code foi diferente do esperado!, esperado: 400; recebido da API: 422; expected:&lt;4[00]&gt; but was:&lt;4[22]&gt;" type="org.junit.ComparisonFailure">
            <![CDATA[Given que seja definido o payload "postInventoriesCompleto", modificando o campo "item_count" para o valor "teste".passed
Given que seja definido o endpoint como "endpointInventories"...............passed
When executar uma requisicao POST pelo rest-assured com tempo maximo de "5" segundos de resposta.passed
Then espero receber um response code "400"..................................failed
And que venha um erro "erro" no response body...............................skipped

StackTrace:
org.junit.ComparisonFailure: O Response code foi diferente do esperado!, esperado: 400; recebido da API: 422; expected:<4[00]> but was:<4[22]>
	at org.junit.Assert.assertEquals(Assert.java:117)
	at api.ApiUtils.validaResponseCode(ApiUtils.java:446)
	at stepDefinitions.APIStepDefinition.esperoReceberUmResponseCode(APIStepDefinition.java:99)
	at ✽.espero receber um response code "400"(file:///C:/Users/Microsoft/Desktop/WorkspaceDesafio/AmbevDesafio/src/test/resources/features/APIsAmbev.feature:313)
]]>
        </failure>
    </testcase>
    <testcase classname="Testes das APIs /Deposits | /Items | /Inventories" name="&quot;CT017&quot; Exclusao de registro especifico que esteja criado - HTTP 200 esperado" time="1.672">
        <failure message="O Response code foi diferente do esperado!, esperado: 200; recebido da API: 204; expected:&lt;20[0]&gt; but was:&lt;20[4]&gt;" type="org.junit.ComparisonFailure">
            <![CDATA[Given que eu tenha um registro "deposito" criado............................passed
Given que seja definido o endpoint como "endpointDeposits" com parametro de id valido.passed
When executar uma requisicao DELETE pelo rest-assured com tempo maximo de "5" segundos de resposta.passed
Then espero receber um response code "200"..................................failed

StackTrace:
org.junit.ComparisonFailure: O Response code foi diferente do esperado!, esperado: 200; recebido da API: 204; expected:<20[0]> but was:<20[4]>
	at org.junit.Assert.assertEquals(Assert.java:117)
	at api.ApiUtils.validaResponseCode(ApiUtils.java:446)
	at stepDefinitions.APIStepDefinition.esperoReceberUmResponseCode(APIStepDefinition.java:99)
	at ✽.espero receber um response code "200"(file:///C:/Users/Microsoft/Desktop/WorkspaceDesafio/AmbevDesafio/src/test/resources/features/APIsAmbev.feature:328)
]]>
        </failure>
    </testcase>
    <testcase classname="Testes das APIs /Deposits | /Items | /Inventories" name="&quot;CT037&quot; Exclusao de registro especifico que esteja criado - HTTP 200 esperado" time="3.437">
        <failure message="O Response code foi diferente do esperado!, esperado: 200; recebido da API: 204; expected:&lt;20[0]&gt; but was:&lt;20[4]&gt;" type="org.junit.ComparisonFailure">
            <![CDATA[Given que eu tenha um registro "inventario" criado..........................passed
Given que seja definido o endpoint como "endpointInventories" com parametro de id valido.passed
When executar uma requisicao DELETE pelo rest-assured com tempo maximo de "5" segundos de resposta.passed
Then espero receber um response code "200"..................................failed

StackTrace:
org.junit.ComparisonFailure: O Response code foi diferente do esperado!, esperado: 200; recebido da API: 204; expected:<20[0]> but was:<20[4]>
	at org.junit.Assert.assertEquals(Assert.java:117)
	at api.ApiUtils.validaResponseCode(ApiUtils.java:446)
	at stepDefinitions.APIStepDefinition.esperoReceberUmResponseCode(APIStepDefinition.java:99)
	at ✽.espero receber um response code "200"(file:///C:/Users/Microsoft/Desktop/WorkspaceDesafio/AmbevDesafio/src/test/resources/features/APIsAmbev.feature:328)
]]>
        </failure>
    </testcase>
    <testcase classname="Testes das APIs /Deposits | /Items | /Inventories" name="&quot;CT057&quot; Exclusao de registro especifico que esteja criado - HTTP 200 esperado" time="1.593">
        <failure message="O Response code foi diferente do esperado!, esperado: 200; recebido da API: 204; expected:&lt;20[0]&gt; but was:&lt;20[4]&gt;" type="org.junit.ComparisonFailure">
            <![CDATA[Given que eu tenha um registro "items" criado...............................passed
Given que seja definido o endpoint como "endpointItems" com parametro de id valido.passed
When executar uma requisicao DELETE pelo rest-assured com tempo maximo de "5" segundos de resposta.passed
Then espero receber um response code "200"..................................failed

StackTrace:
org.junit.ComparisonFailure: O Response code foi diferente do esperado!, esperado: 200; recebido da API: 204; expected:<20[0]> but was:<20[4]>
	at org.junit.Assert.assertEquals(Assert.java:117)
	at api.ApiUtils.validaResponseCode(ApiUtils.java:446)
	at stepDefinitions.APIStepDefinition.esperoReceberUmResponseCode(APIStepDefinition.java:99)
	at ✽.espero receber um response code "200"(file:///C:/Users/Microsoft/Desktop/WorkspaceDesafio/AmbevDesafio/src/test/resources/features/APIsAmbev.feature:328)
]]>
        </failure>
    </testcase>
    <testcase classname="Testes das APIs /Deposits | /Items | /Inventories" name="&quot;CT017&quot; Exclusao de registro especifico que nao esteja criado - HTTP 404 esperado" time="0.806">
        <system-out>
            <![CDATA[Given que seja definido o endpoint como "endpointDeposits" com parametro de id invalido.passed
When executar uma requisicao DELETE pelo rest-assured com tempo maximo de "5" segundos de resposta.passed
Then espero receber um response code "404"..................................passed
And que venha um erro "Not Found" no response body..........................passed
]]>
        </system-out>
    </testcase>
    <testcase classname="Testes das APIs /Deposits | /Items | /Inventories" name="&quot;CT037&quot; Exclusao de registro especifico que nao esteja criado - HTTP 404 esperado" time="0.849">
        <system-out>
            <![CDATA[Given que seja definido o endpoint como "endpointInventories" com parametro de id invalido.passed
When executar uma requisicao DELETE pelo rest-assured com tempo maximo de "5" segundos de resposta.passed
Then espero receber um response code "404"..................................passed
And que venha um erro "Not Found" no response body..........................passed
]]>
        </system-out>
    </testcase>
    <testcase classname="Testes das APIs /Deposits | /Items | /Inventories" name="&quot;CT057&quot; Exclusao de registro especifico que nao esteja criado - HTTP 404 esperado" time="0.794">
        <system-out>
            <![CDATA[Given que seja definido o endpoint como "endpointItems" com parametro de id invalido.passed
When executar uma requisicao DELETE pelo rest-assured com tempo maximo de "5" segundos de resposta.passed
Then espero receber um response code "404"..................................passed
And que venha um erro "Not Found" no response body..........................passed
]]>
        </system-out>
    </testcase>
    <testcase classname="Testes das APIs /Deposits | /Items | /Inventories" name="&quot;CT058&quot; Criacao de registros de inventario com dados incorretos de campos" time="0.792">
        <system-out>
            <![CDATA[Given que seja definido o payload "postInventoriesCompleto", modificando o campo "item_id" para o valor "1111111111111".passed
Given que seja definido o endpoint como "endpointInventories"...............passed
When executar uma requisicao POST pelo rest-assured com tempo maximo de "5" segundos de resposta.passed
Then espero receber um response code "422"..................................passed
And que venha um erro "must exist" no response body.........................passed
]]>
        </system-out>
    </testcase>
    <testcase classname="Testes das APIs /Deposits | /Items | /Inventories" name="&quot;CT059&quot; Criacao de registros de inventario com dados incorretos de campos" time="0.807">
        <system-out>
            <![CDATA[Given que seja definido o payload "postInventoriesCompleto", modificando o campo "deposit_id" para o valor "1111111111111".passed
Given que seja definido o endpoint como "endpointInventories"...............passed
When executar uma requisicao POST pelo rest-assured com tempo maximo de "5" segundos de resposta.passed
Then espero receber um response code "422"..................................passed
And que venha um erro "must exist" no response body.........................passed
]]>
        </system-out>
    </testcase>
    <testcase classname="Testes do sistema web de controle de estoque" name="Criacao de usuario com dados corretos" time="9.487">
        <system-out>
            <![CDATA[Given que esteja na tela de cadastro........................................passed
When Criar um usuario com dados validos.....................................passed
Then espero que o usuario seja criado com sucesso...........................passed
]]>
        </system-out>
    </testcase>
    <testcase classname="Testes do sistema web de controle de estoque" name="Criacao de usuario sem email" time="15.773">
        <system-out>
            <![CDATA[Given que esteja na tela de cadastro........................................passed
When Criar um usuario sem informar email....................................passed
Then espero que o usuario nao seja criado...................................passed
]]>
        </system-out>
    </testcase>
    <testcase classname="Testes do sistema web de controle de estoque" name="Criacao de usuario sem senha" time="25.844">
        <system-out>
            <![CDATA[Given que esteja na tela de cadastro........................................passed
When Criar um usuario sem informar senha e confirmacao de senha.............passed
Then espero que o usuario nao seja criado...................................passed
]]>
        </system-out>
    </testcase>
    <testcase classname="Testes do sistema web de controle de estoque" name="Criacao de usuario sem formatacao de email" time="15.881">
        <system-out>
            <![CDATA[Given que esteja na tela de cadastro........................................passed
When Criar um usuario sem formatacao de email...............................passed
Then espero que o usuario nao seja criado...................................passed
]]>
        </system-out>
    </testcase>
    <testcase classname="Testes do sistema web de controle de estoque" name="Criacao de usuario com senha menor de 6 caracteres" time="15.01">
        <system-out>
            <![CDATA[Given que esteja na tela de cadastro........................................passed
When Criar um usuario com senha menor que seis caracteres...................passed
Then espero que o usuario nao seja criado...................................passed
]]>
        </system-out>
    </testcase>
    <testcase classname="Testes do sistema web de controle de estoque" name="Login sem informar email" time="15.758">
        <system-out>
            <![CDATA[Given que esteja na tela de login...........................................passed
When tentar efetuar login sem email.........................................passed
Then espero que nao seja possivel entrar no sistema.........................passed
]]>
        </system-out>
    </testcase>
    <testcase classname="Testes do sistema web de controle de estoque" name="Login sem informar senha" time="15.516">
        <system-out>
            <![CDATA[Given que esteja na tela de login...........................................passed
When tentar efetuar login sem senha.........................................passed
Then espero que nao seja possivel entrar no sistema.........................passed
]]>
        </system-out>
    </testcase>
    <testcase classname="Testes do sistema web de controle de estoque" name="Login com email sem formatacao" time="16.013">
        <system-out>
            <![CDATA[Given que esteja na tela de login...........................................passed
When tentar efetuar login com email sem formatacao..........................passed
Then espero que nao seja possivel entrar no sistema.........................passed
]]>
        </system-out>
    </testcase>
    <testcase classname="Testes do sistema web de controle de estoque" name="Login com senha invalida" time="16.014">
        <system-out>
            <![CDATA[Given que esteja na tela de login...........................................passed
When tentar efetuar login com senha invalida................................passed
Then espero que nao seja possivel entrar no sistema.........................passed
]]>
        </system-out>
    </testcase>
    <testcase classname="Testes do sistema web de controle de estoque" name="Criacao de novo deposito com todos os campos preenchidos" time="9.193">
        <system-out>
            <![CDATA[Given que esteja logado no sistema..........................................passed
When criar um novo deposito com todos os campos.............................passed
Then espero que seja criado com sucesso.....................................passed
]]>
        </system-out>
    </testcase>
    <testcase classname="Testes do sistema web de controle de estoque" name="Criacao de novo deposito com nenhum dos campos preenchidos" time="8.552">
        <failure message="O sistema permitiu a criação do deposito sem nenhum campo preenchido!!" type="java.lang.AssertionError">
            <![CDATA[Given que esteja logado no sistema..........................................passed
When criar um novo deposito sem nenhum campo................................passed
Then espero que nao crie o deposito.........................................failed

StackTrace:
java.lang.AssertionError: O sistema permitiu a criação do deposito sem nenhum campo preenchido!!
	at org.junit.Assert.fail(Assert.java:89)
	at org.junit.Assert.assertTrue(Assert.java:42)
	at org.junit.Assert.assertFalse(Assert.java:65)
	at stepDefinitions.WebStepDefinition.esperoQueNaoCrieODeposito(WebStepDefinition.java:181)
	at ✽.espero que nao crie o deposito(file:///C:/Users/Microsoft/Desktop/WorkspaceDesafio/AmbevDesafio/src/test/resources/features/TesteWeb.feature:79)
]]>
        </failure>
    </testcase>
    <testcase classname="Testes do sistema web de controle de estoque" name="Edicao de deposito ja criado com todos os campos" time="9.788">
        <system-out>
            <![CDATA[Given que esteja logado no sistema..........................................passed
When editar um deposito com todos os campos.................................passed
Then espero que atualize o deposito com sucesso.............................passed
]]>
        </system-out>
    </testcase>
    <testcase classname="Testes do sistema web de controle de estoque" name="Edicao de deposito ja criado com retirada de todos os campos" time="9.764">
        <failure message="O sistema permitiu atualizar o deposito com todos os campos retirados" type="java.lang.AssertionError">
            <![CDATA[Given que esteja logado no sistema..........................................passed
When editar um deposito com todos os campos retirados.......................passed
Then espero que nao atualize o deposito.....................................failed

StackTrace:
java.lang.AssertionError: O sistema permitiu atualizar o deposito com todos os campos retirados
	at org.junit.Assert.fail(Assert.java:89)
	at org.junit.Assert.assertTrue(Assert.java:42)
	at org.junit.Assert.assertFalse(Assert.java:65)
	at stepDefinitions.WebStepDefinition.esperoQueNaoAtualizeODeposito(WebStepDefinition.java:223)
	at ✽.espero que nao atualize o deposito(file:///C:/Users/Microsoft/Desktop/WorkspaceDesafio/AmbevDesafio/src/test/resources/features/TesteWeb.feature:92)
]]>
        </failure>
    </testcase>
    <testcase classname="Testes do sistema web de controle de estoque" name="Exclusao de deposito" time="9.693">
        <system-out>
            <![CDATA[Given que esteja logado no sistema..........................................passed
When entrar no deposito e excluir ele.......................................passed
Then espero que seja excluido com sucesso...................................passed
]]>
        </system-out>
    </testcase>
    <testcase classname="Testes do sistema web de controle de estoque" name="Criacao de novo item com todos os campos preenchidos" time="8.362">
        <system-out>
            <![CDATA[Given que esteja logado no sistema..........................................passed
When criar um novo item com todos os campos.................................passed
Then espero que seja criado com sucesso.....................................passed
]]>
        </system-out>
    </testcase>
    <testcase classname="Testes do sistema web de controle de estoque" name="Criacao de novo item com nenhum dos campos preenchidos" time="7.547">
        <failure message="O sistema permitiu a criação do item sem nenhum campo preenchido!!" type="java.lang.AssertionError">
            <![CDATA[Given que esteja logado no sistema..........................................passed
When criar um novo item sem nenhum campo....................................passed
Then espero que nao crie o item.............................................failed

StackTrace:
java.lang.AssertionError: O sistema permitiu a criação do item sem nenhum campo preenchido!!
	at org.junit.Assert.fail(Assert.java:89)
	at org.junit.Assert.assertTrue(Assert.java:42)
	at org.junit.Assert.assertFalse(Assert.java:65)
	at stepDefinitions.WebStepDefinition.esperoQueNaoCrieOitem(WebStepDefinition.java:272)
	at ✽.espero que nao crie o item(file:///C:/Users/Microsoft/Desktop/WorkspaceDesafio/AmbevDesafio/src/test/resources/features/TesteWeb.feature:111)
]]>
        </failure>
    </testcase>
    <testcase classname="Testes do sistema web de controle de estoque" name="Edicao de item ja criado com todos os campos" time="9.682">
        <system-out>
            <![CDATA[Given que esteja logado no sistema..........................................passed
When editar um item com todos os campos.....................................passed
Then espero que atualize o item com sucesso.................................passed
]]>
        </system-out>
    </testcase>
    <testcase classname="Testes do sistema web de controle de estoque" name="Edicao de item ja criado com retirada de todos os campos" time="9.427">
        <failure message="O sistema permitiu atualizar o item com todos os campos retirados" type="java.lang.AssertionError">
            <![CDATA[Given que esteja logado no sistema..........................................passed
When editar um item com todos os campos retirados...........................passed
Then espero que nao atualize o item.........................................failed

StackTrace:
java.lang.AssertionError: O sistema permitiu atualizar o item com todos os campos retirados
	at org.junit.Assert.fail(Assert.java:89)
	at org.junit.Assert.assertTrue(Assert.java:42)
	at org.junit.Assert.assertFalse(Assert.java:65)
	at stepDefinitions.WebStepDefinition.esperoQueNaoAtualizeOitem(WebStepDefinition.java:312)
	at ✽.espero que nao atualize o item(file:///C:/Users/Microsoft/Desktop/WorkspaceDesafio/AmbevDesafio/src/test/resources/features/TesteWeb.feature:124)
]]>
        </failure>
    </testcase>
    <testcase classname="Testes do sistema web de controle de estoque" name="Exclusao de item" time="9.042">
        <system-out>
            <![CDATA[Given que esteja logado no sistema..........................................passed
When entrar no item e excluir ele...........................................passed
Then espero que seja excluido com sucesso...................................passed
]]>
        </system-out>
    </testcase>
    <testcase classname="Testes do sistema web de controle de estoque" name="Criacao de novo inventario com todos os campos preenchidos" time="11.073">
        <system-out>
            <![CDATA[Given que esteja logado no sistema..........................................passed
And Que tenha um novo item e deposito para assimilar........................passed
When criar um novo inventario com todos os campos...........................passed
Then espero que seja criado com sucesso.....................................passed
]]>
        </system-out>
    </testcase>
    <testcase classname="Testes do sistema web de controle de estoque" name="Criacao de novo inventario com nenhum dos campos preenchidos" time="27.63">
        <system-out>
            <![CDATA[Given que esteja logado no sistema..........................................passed
When criar um novo inventario sem nenhum campo..............................passed
Then espero que nao crie o inventario.......................................passed
]]>
        </system-out>
    </testcase>
    <testcase classname="Testes do sistema web de controle de estoque" name="Edicao de inventario ja criado com todos os campos" time="11.383">
        <system-out>
            <![CDATA[Given que esteja logado no sistema..........................................passed
And Que tenha um novo item e deposito para assimilar........................passed
When editar um inventario com todos os campos...............................passed
Then espero que atualize o inventario com sucesso...........................passed
]]>
        </system-out>
    </testcase>
    <testcase classname="Testes do sistema web de controle de estoque" name="Edicao de inventario ja criado com retirada de todos os campos" time="29.265">
        <system-out>
            <![CDATA[Given que esteja logado no sistema..........................................passed
When editar um inventario com todos os campos retirados.....................passed
Then espero que nao atualize o inventario...................................passed
]]>
        </system-out>
    </testcase>
    <testcase classname="Testes do sistema web de controle de estoque" name="Exclusao de inventario" time="9.092">
        <system-out>
            <![CDATA[Given que esteja logado no sistema..........................................passed
When entrar no inventario e excluir ele.....................................passed
Then espero que seja excluido com sucesso...................................passed
]]>
        </system-out>
    </testcase>
</testsuite>
